[2019-07-14 10:15:30] local.INFO: کیف و کفش  
[2019-07-14 10:15:30] local.INFO:   
[2019-07-14 10:15:30] local.INFO:   
[2019-07-14 10:15:36] local.INFO: لوازم آرایش  
[2019-07-14 10:15:36] local.INFO:   
[2019-07-14 10:15:36] local.INFO:   
[2019-07-14 10:15:56] local.INFO: ادکلن  
[2019-07-14 10:15:56] local.INFO:   
[2019-07-14 10:15:56] local.INFO: 56  
[2019-07-14 10:16:18] local.INFO: ادکلن زنانه  
[2019-07-14 10:16:18] local.INFO:   
[2019-07-14 10:16:18] local.INFO: 57  
[2019-07-14 10:18:13] local.INFO: ادکلن مردانه  
[2019-07-14 10:18:13] local.INFO:   
[2019-07-14 10:18:13] local.INFO: 57  
[2019-07-14 10:19:12] local.INFO: کیف زنانه  
[2019-07-14 10:19:12] local.INFO:   
[2019-07-14 10:19:12] local.INFO: 55  
[2019-07-14 10:20:34] local.INFO: کیف مردانه  
[2019-07-14 10:20:34] local.INFO:   
[2019-07-14 10:20:34] local.INFO: 55  
[2019-07-14 10:21:23] local.INFO: چرم  
[2019-07-14 10:21:23] local.INFO:   
[2019-07-14 10:21:23] local.INFO: 61  
[2019-07-14 10:21:47] local.INFO: چرم  
[2019-07-14 10:21:47] local.INFO:   
[2019-07-14 10:21:47] local.INFO: 60  
[2019-07-14 10:22:31] local.INFO: کیف کودکان  
[2019-07-14 10:22:31] local.INFO:   
[2019-07-14 10:22:31] local.INFO: 55  
[2019-07-14 10:23:04] local.INFO: سامسونگ  
[2019-07-14 10:23:04] local.INFO:   
[2019-07-14 10:23:04] local.INFO: 52  
[2019-07-14 10:24:42] local.INFO: عطر  
[2019-07-14 10:24:42] local.INFO:   
[2019-07-14 10:24:42] local.INFO: 56  
[2019-07-14 10:25:46] local.INFO: عطر زنانه  
[2019-07-14 10:25:46] local.INFO:   
[2019-07-14 10:25:46] local.INFO: 66  
[2019-07-14 10:26:19] local.INFO: عطر مردانه  
[2019-07-14 10:26:19] local.INFO:   
[2019-07-14 10:26:19] local.INFO: 66  
